<?xml version="1.0" encoding="UTF-8"?>
<!-- Generated by org.testng.reporters.JUnitReportReporter -->
<testsuite hostname="DESKTOP-QLLOF3M" failures="0" tests="2" name="rahulshettyacademy.tests.ErrorValidationsTest" time="8.451" errors="0" timestamp="13 Jul 2025 13:48:32 GMT" skipped="0">
  <testcase classname="rahulshettyacademy.tests.ErrorValidationsTest" name="LoginErrorValidation" time="3.002"/>
  <testcase classname="rahulshettyacademy.tests.ErrorValidationsTest" name="ProductErrorValidation" time="5.449"/>
</testsuite> <!-- rahulshettyacademy.tests.ErrorValidationsTest -->
